

Microchip MPLAB XC8 Assembler V3.10 build 20250813170317 
                                                                                               Wed Oct  1 13:47:05 2025

Microchip MPLAB XC8 C Compiler v3.10 (Free license) build 20250813170317 Og1 
     1                           	processor	18F47K40
     2                           	fnconf	rparam,??,?,0
     3                           	pagewidth 120
     4                           	opt	flic
     5                           	psect	idataCOMRAM,global,class=CODE,space=0,delta=1,noexec
     6                           	psect	cinit,global,reloc=2,class=CODE,space=0,delta=1
     7                           	psect	bssCOMRAM,global,class=COMRAM,space=1,delta=1,lowdata,noexec
     8                           	psect	dataCOMRAM,global,class=COMRAM,space=1,delta=1,lowdata,noexec
     9                           	psect	cstackCOMRAM,global,class=COMRAM,space=1,delta=1,lowdata,noexec
    10                           	psect	text0,global,reloc=2,class=CODE,space=0,delta=1
    11                           	psect	smallconst,global,reloc=2,class=SMALLCONST,space=0,delta=1,noexec
    12                           	psect	intsave_regs,global,class=BIGRAM,space=1,delta=1,noexec
    13                           	psect	rparam,global,class=COMRAM,space=1,delta=1,noexec
    14                           	psect	idloc,global,abs,ovrld,class=IDLOC,space=5,delta=1,noexec
    15                           	psect	config,global,abs,ovrld,class=CONFIG,space=4,delta=1,noexec
    16   000000                     
    17                           ; Generated 09/02/2023 GMT
    18                           ; 
    19                           ; Copyright © 2023, Microchip Technology Inc. and its subsidiaries ("Microchip")
    20                           ; All rights reserved.
    21                           ; 
    22                           ; This software is developed by Microchip Technology Inc. and its subsidiaries ("Microch
      +                          ip").
    23                           ; 
    24                           ; Redistribution and use in source and binary forms, with or without modification, are
    25                           ; permitted provided that the following conditions are met:
    26                           ; 
    27                           ;     1. Redistributions of source code must retain the above copyright notice, this lis
      +                          t of
    28                           ;        conditions and the following disclaimer.
    29                           ; 
    30                           ;     2. Redistributions in binary form must reproduce the above copyright notice, this 
      +                          list
    31                           ;        of conditions and the following disclaimer in the documentation and/or other
    32                           ;        materials provided with the distribution. Publication is not required when
    33                           ;        this file is used in an embedded application.
    34                           ; 
    35                           ;     3. Microchip's name may not be used to endorse or promote products derived from th
      +                          is
    36                           ;        software without specific prior written permission.
    37                           ; 
    38                           ; THIS SOFTWARE IS PROVIDED BY MICROCHIP "AS IS" AND ANY EXPRESS OR IMPLIED WARRANTIES,
    39                           ; INCLUDING, BUT NOT LIMITED TO, THE IMPLIED WARRANTIES OF MERCHANTABILITY AND FITNESS F
      +                          OR
    40                           ; PURPOSE ARE DISCLAIMED.  IN NO EVENT SHALL MICROCHIP BE LIABLE FOR ANY DIRECT, INDIREC
      +                          T,
    41                           ; INCIDENTAL, SPECIAL, EXEMPLARY, OR CONSEQUENTIAL DAMAGES (INCLUDING BUT NOT LIMITED TO
    42                           ; PROCUREMENT OF SUBSTITUTE GOODS OR SERVICES; LOSS OF USE, DATA OR PROFITS; OR BUSINESS
    43                           ; INTERRUPTION) HOWSOEVER CAUSED AND ON ANY THEORY OF LIABILITY, WHETHER IN CONTRACT, ST
      +                          RICT
    44                           ; LIABILITY, OR TORT (INCLUDING NEGLIGENCE OR OTHERWISE) ARISING IN ANY WAY OUT OF THE U
      +                          SE OF
    45                           ; THIS SOFTWARE, EVEN IF ADVISED OF THE POSSIBILITY OF SUCH DAMAGE.
    46                           ; 
    47                           ; 
    48                           ; Code-generator required, PIC18F47K40 Definitions
    49                           ; 
    50                           ; SFR Addresses
    51   000FE0                     bsr             equ	4064
    52   000FE9                     fsr0            equ	4073
    53   000FEA                     fsr0h           equ	4074
    54   000FE9                     fsr0l           equ	4073
    55   000FE1                     fsr1            equ	4065
    56   000FE2                     fsr1h           equ	4066
    57   000FE1                     fsr1l           equ	4065
    58   000FD9                     fsr2            equ	4057
    59   000FDA                     fsr2h           equ	4058
    60   000FD9                     fsr2l           equ	4057
    61   000FEF                     indf0           equ	4079
    62   000FE7                     indf1           equ	4071
    63   000FDF                     indf2           equ	4063
    64   000FF2                     intcon          equ	4082
    65   000F81                     nvmcon          equ	3969
    66   000FF9                     pcl             equ	4089
    67   000FFA                     pclath          equ	4090
    68   000FFB                     pclatu          equ	4091
    69   000FEB                     plusw0          equ	4075
    70   000FE3                     plusw1          equ	4067
    71   000FDB                     plusw2          equ	4059
    72   000FED                     postdec0        equ	4077
    73   000FE5                     postdec1        equ	4069
    74   000FDD                     postdec2        equ	4061
    75   000FEE                     postinc0        equ	4078
    76   000FE6                     postinc1        equ	4070
    77   000FDE                     postinc2        equ	4062
    78   000FEC                     preinc0         equ	4076
    79   000FE4                     preinc1         equ	4068
    80   000FDC                     preinc2         equ	4060
    81   000FF3                     prod            equ	4083
    82   000FF4                     prodh           equ	4084
    83   000FF3                     prodl           equ	4083
    84   000FD8                     status          equ	4056
    85   000FF5                     tablat          equ	4085
    86   000FF6                     tblptr          equ	4086
    87   000FF7                     tblptrh         equ	4087
    88   000FF6                     tblptrl         equ	4086
    89   000FF8                     tblptru         equ	4088
    90   000FFD                     tosl            equ	4093
    91   000FE8                     wreg            equ	4072
    92   000E8D                     RX2PPS          equ	3725	;# 
    93   000E8E                     CK2PPS          equ	3726	;# 
    94   000E8E                     TX2PPS          equ	3726	;# 
    95   000E8F                     SSP2CLKPPS      equ	3727	;# 
    96   000E90                     SSP2DATPPS      equ	3728	;# 
    97   000E91                     SSP2SSPPS       equ	3729	;# 
    98   000E92                     SSP2BUF         equ	3730	;# 
    99   000E93                     SSP2ADD         equ	3731	;# 
   100   000E94                     SSP2MSK         equ	3732	;# 
   101   000E95                     SSP2STAT        equ	3733	;# 
   102   000E96                     SSP2CON1        equ	3734	;# 
   103   000E97                     SSP2CON2        equ	3735	;# 
   104   000E98                     SSP2CON3        equ	3736	;# 
   105   000E99                     RC2REG          equ	3737	;# 
   106   000E99                     RCREG2          equ	3737	;# 
   107   000E9A                     TX2REG          equ	3738	;# 
   108   000E9A                     TXREG2          equ	3738	;# 
   109   000E9B                     SP2BRG          equ	3739	;# 
   110   000E9B                     SP2BRGL         equ	3739	;# 
   111   000E9B                     SPBRG2          equ	3739	;# 
   112   000E9C                     SP2BRGH         equ	3740	;# 
   113   000E9C                     SPBRGH2         equ	3740	;# 
   114   000E9D                     RC2STA          equ	3741	;# 
   115   000E9D                     RCSTA2          equ	3741	;# 
   116   000E9E                     TX2STA          equ	3742	;# 
   117   000E9E                     TXSTA2          equ	3742	;# 
   118   000E9F                     BAUD2CON        equ	3743	;# 
   119   000E9F                     BAUDCON2        equ	3743	;# 
   120   000E9F                     BAUDCTL2        equ	3743	;# 
   121   000EA0                     PPSLOCK         equ	3744	;# 
   122   000EA1                     INT0PPS         equ	3745	;# 
   123   000EA2                     INT1PPS         equ	3746	;# 
   124   000EA3                     INT2PPS         equ	3747	;# 
   125   000EA4                     T0CKIPPS        equ	3748	;# 
   126   000EA5                     T1CKIPPS        equ	3749	;# 
   127   000EA6                     T1GPPS          equ	3750	;# 
   128   000EA7                     T3CKIPPS        equ	3751	;# 
   129   000EA8                     T3GPPS          equ	3752	;# 
   130   000EA9                     T5CKIPPS        equ	3753	;# 
   131   000EAA                     T5GPPS          equ	3754	;# 
   132   000EAB                     T2INPPS         equ	3755	;# 
   133   000EAC                     T4INPPS         equ	3756	;# 
   134   000EAD                     T6INPPS         equ	3757	;# 
   135   000EAE                     ADACTPPS        equ	3758	;# 
   136   000EAF                     CCP1PPS         equ	3759	;# 
   137   000EB0                     CCP2PPS         equ	3760	;# 
   138   000EB1                     CWG1PPS         equ	3761	;# 
   139   000EB1                     CWGINPPS        equ	3761	;# 
   140   000EB2                     MDCARLPPS       equ	3762	;# 
   141   000EB3                     MDCARHPPS       equ	3763	;# 
   142   000EB4                     MDSRCPPS        equ	3764	;# 
   143   000EB5                     RX1PPS          equ	3765	;# 
   144   000EB5                     RXPPS           equ	3765	;# 
   145   000EB6                     CK1PPS          equ	3766	;# 
   146   000EB6                     TX1PPS          equ	3766	;# 
   147   000EB6                     CKPPS           equ	3766	;# 
   148   000EB6                     TXPPS           equ	3766	;# 
   149   000EB7                     SSP1CLKPPS      equ	3767	;# 
   150   000EB7                     SSPCLKPPS       equ	3767	;# 
   151   000EB8                     SSP1DATPPS      equ	3768	;# 
   152   000EB8                     SSPDATPPS       equ	3768	;# 
   153   000EB9                     SSP1SSPPS       equ	3769	;# 
   154   000EB9                     SSPSSPPS        equ	3769	;# 
   155   000EBA                     IPR0            equ	3770	;# 
   156   000EBB                     IPR1            equ	3771	;# 
   157   000EBC                     IPR2            equ	3772	;# 
   158   000EBD                     IPR3            equ	3773	;# 
   159   000EBE                     IPR4            equ	3774	;# 
   160   000EBF                     IPR5            equ	3775	;# 
   161   000EC0                     IPR6            equ	3776	;# 
   162   000EC1                     IPR7            equ	3777	;# 
   163   000EC2                     PIE0            equ	3778	;# 
   164   000EC3                     PIE1            equ	3779	;# 
   165   000EC4                     PIE2            equ	3780	;# 
   166   000EC5                     PIE3            equ	3781	;# 
   167   000EC6                     PIE4            equ	3782	;# 
   168   000EC7                     PIE5            equ	3783	;# 
   169   000EC8                     PIE6            equ	3784	;# 
   170   000EC9                     PIE7            equ	3785	;# 
   171   000ECA                     PIR0            equ	3786	;# 
   172   000ECB                     PIR1            equ	3787	;# 
   173   000ECC                     PIR2            equ	3788	;# 
   174   000ECD                     PIR3            equ	3789	;# 
   175   000ECE                     PIR4            equ	3790	;# 
   176   000ECF                     PIR5            equ	3791	;# 
   177   000ED0                     PIR6            equ	3792	;# 
   178   000ED1                     PIR7            equ	3793	;# 
   179   000ED2                     WDTCON0         equ	3794	;# 
   180   000ED3                     WDTCON1         equ	3795	;# 
   181   000ED4                     WDTPSL          equ	3796	;# 
   182   000ED5                     WDTPSH          equ	3797	;# 
   183   000ED6                     WDTTMR          equ	3798	;# 
   184   000ED7                     CPUDOZE         equ	3799	;# 
   185   000ED8                     OSCCON1         equ	3800	;# 
   186   000ED9                     OSCCON2         equ	3801	;# 
   187   000EDA                     OSCCON3         equ	3802	;# 
   188   000EDB                     OSCSTAT         equ	3803	;# 
   189   000EDB                     OSCSTAT1        equ	3803	;# 
   190   000EDC                     OSCEN           equ	3804	;# 
   191   000EDD                     OSCTUNE         equ	3805	;# 
   192   000EDE                     OSCFRQ          equ	3806	;# 
   193   000EDF                     VREGCON         equ	3807	;# 
   194   000EE0                     BORCON          equ	3808	;# 
   195   000EE1                     PMD0            equ	3809	;# 
   196   000EE2                     PMD1            equ	3810	;# 
   197   000EE3                     PMD2            equ	3811	;# 
   198   000EE4                     PMD3            equ	3812	;# 
   199   000EE5                     PMD4            equ	3813	;# 
   200   000EE6                     PMD5            equ	3814	;# 
   201   000EE7                     RA0PPS          equ	3815	;# 
   202   000EE8                     RA1PPS          equ	3816	;# 
   203   000EE9                     RA2PPS          equ	3817	;# 
   204   000EEA                     RA3PPS          equ	3818	;# 
   205   000EEB                     RA4PPS          equ	3819	;# 
   206   000EEC                     RA5PPS          equ	3820	;# 
   207   000EED                     RA6PPS          equ	3821	;# 
   208   000EEE                     RA7PPS          equ	3822	;# 
   209   000EEF                     RB0PPS          equ	3823	;# 
   210   000EF0                     RB1PPS          equ	3824	;# 
   211   000EF1                     RB2PPS          equ	3825	;# 
   212   000EF2                     RB3PPS          equ	3826	;# 
   213   000EF3                     RB4PPS          equ	3827	;# 
   214   000EF4                     RB5PPS          equ	3828	;# 
   215   000EF5                     RB6PPS          equ	3829	;# 
   216   000EF6                     RB7PPS          equ	3830	;# 
   217   000EF7                     RC0PPS          equ	3831	;# 
   218   000EF8                     RC1PPS          equ	3832	;# 
   219   000EF9                     RC2PPS          equ	3833	;# 
   220   000EFA                     RC3PPS          equ	3834	;# 
   221   000EFB                     RC4PPS          equ	3835	;# 
   222   000EFC                     RC5PPS          equ	3836	;# 
   223   000EFD                     RC6PPS          equ	3837	;# 
   224   000EFE                     RC7PPS          equ	3838	;# 
   225   000EFF                     RD0PPS          equ	3839	;# 
   226   000F00                     RD1PPS          equ	3840	;# 
   227   000F01                     RD2PPS          equ	3841	;# 
   228   000F02                     RD3PPS          equ	3842	;# 
   229   000F03                     RD4PPS          equ	3843	;# 
   230   000F04                     RD5PPS          equ	3844	;# 
   231   000F05                     RD6PPS          equ	3845	;# 
   232   000F06                     RD7PPS          equ	3846	;# 
   233   000F07                     RE0PPS          equ	3847	;# 
   234   000F08                     RE1PPS          equ	3848	;# 
   235   000F09                     RE2PPS          equ	3849	;# 
   236   000F0A                     IOCAF           equ	3850	;# 
   237   000F0B                     IOCAN           equ	3851	;# 
   238   000F0C                     IOCAP           equ	3852	;# 
   239   000F0D                     INLVLA          equ	3853	;# 
   240   000F0E                     SLRCONA         equ	3854	;# 
   241   000F0F                     ODCONA          equ	3855	;# 
   242   000F10                     WPUA            equ	3856	;# 
   243   000F11                     ANSELA          equ	3857	;# 
   244   000F12                     IOCBF           equ	3858	;# 
   245   000F13                     IOCBN           equ	3859	;# 
   246   000F14                     IOCBP           equ	3860	;# 
   247   000F15                     INLVLB          equ	3861	;# 
   248   000F16                     SLRCONB         equ	3862	;# 
   249   000F17                     ODCONB          equ	3863	;# 
   250   000F18                     WPUB            equ	3864	;# 
   251   000F19                     ANSELB          equ	3865	;# 
   252   000F1A                     IOCCF           equ	3866	;# 
   253   000F1B                     IOCCN           equ	3867	;# 
   254   000F1C                     IOCCP           equ	3868	;# 
   255   000F1D                     INLVLC          equ	3869	;# 
   256   000F1E                     SLRCONC         equ	3870	;# 
   257   000F1F                     ODCONC          equ	3871	;# 
   258   000F20                     WPUC            equ	3872	;# 
   259   000F21                     ANSELC          equ	3873	;# 
   260   000F22                     INLVLD          equ	3874	;# 
   261   000F23                     SLRCOND         equ	3875	;# 
   262   000F24                     ODCOND          equ	3876	;# 
   263   000F25                     WPUD            equ	3877	;# 
   264   000F26                     ANSELD          equ	3878	;# 
   265   000F27                     IOCEF           equ	3879	;# 
   266   000F28                     IOCEN           equ	3880	;# 
   267   000F29                     IOCEP           equ	3881	;# 
   268   000F2A                     INLVLE          equ	3882	;# 
   269   000F2B                     SLRCONE         equ	3883	;# 
   270   000F2C                     ODCONE          equ	3884	;# 
   271   000F2D                     WPUE            equ	3885	;# 
   272   000F2E                     ANSELE          equ	3886	;# 
   273   000F2F                     HLVDCON0        equ	3887	;# 
   274   000F30                     HLVDCON1        equ	3888	;# 
   275   000F31                     FVRCON          equ	3889	;# 
   276   000F32                     ZCDCON          equ	3890	;# 
   277   000F33                     DAC1CON0        equ	3891	;# 
   278   000F34                     DAC1CON1        equ	3892	;# 
   279   000F35                     CM2CON0         equ	3893	;# 
   280   000F36                     CM2CON1         equ	3894	;# 
   281   000F37                     CM2NCH          equ	3895	;# 
   282   000F38                     CM2PCH          equ	3896	;# 
   283   000F39                     CM1CON0         equ	3897	;# 
   284   000F3A                     CM1CON1         equ	3898	;# 
   285   000F3B                     CM1NCH          equ	3899	;# 
   286   000F3C                     CM1PCH          equ	3900	;# 
   287   000F3D                     CMOUT           equ	3901	;# 
   288   000F3E                     CLKRCON         equ	3902	;# 
   289   000F3F                     CLKRCLK         equ	3903	;# 
   290   000F40                     CWG1CLK         equ	3904	;# 
   291   000F40                     CWG1CLKCON      equ	3904	;# 
   292   000F41                     CWG1ISM         equ	3905	;# 
   293   000F42                     CWG1DBR         equ	3906	;# 
   294   000F43                     CWG1DBF         equ	3907	;# 
   295   000F44                     CWG1CON0        equ	3908	;# 
   296   000F45                     CWG1CON1        equ	3909	;# 
   297   000F46                     CWG1AS0         equ	3910	;# 
   298   000F47                     CWG1AS1         equ	3911	;# 
   299   000F48                     CWG1STR         equ	3912	;# 
   300   000F49                     SCANLADR        equ	3913	;# 
   301   000F49                     SCANLADRL       equ	3913	;# 
   302   000F4A                     SCANLADRH       equ	3914	;# 
   303   000F4B                     SCANLADRU       equ	3915	;# 
   304   000F4C                     SCANHADR        equ	3916	;# 
   305   000F4C                     SCANHADRL       equ	3916	;# 
   306   000F4D                     SCANHADRH       equ	3917	;# 
   307   000F4E                     SCANHADRU       equ	3918	;# 
   308   000F4F                     SCANCON0        equ	3919	;# 
   309   000F50                     SCANTRIG        equ	3920	;# 
   310   000F51                     MDCON0          equ	3921	;# 
   311   000F52                     MDCON1          equ	3922	;# 
   312   000F53                     MDSRC           equ	3923	;# 
   313   000F54                     MDCARL          equ	3924	;# 
   314   000F55                     MDCARH          equ	3925	;# 
   315   000F56                     ADACT           equ	3926	;# 
   316   000F57                     ADCLK           equ	3927	;# 
   317   000F58                     ADREF           equ	3928	;# 
   318   000F59                     ADCON1          equ	3929	;# 
   319   000F5A                     ADCON2          equ	3930	;# 
   320   000F5B                     ADCON3          equ	3931	;# 
   321   000F5C                     ADACQ           equ	3932	;# 
   322   000F5D                     ADCAP           equ	3933	;# 
   323   000F5E                     ADPRE           equ	3934	;# 
   324   000F5F                     ADPCH           equ	3935	;# 
   325   000F60                     ADCON0          equ	3936	;# 
   326   000F61                     ADPREV          equ	3937	;# 
   327   000F61                     ADPREVL         equ	3937	;# 
   328   000F62                     ADPREVH         equ	3938	;# 
   329   000F63                     ADRES           equ	3939	;# 
   330   000F63                     ADRESL          equ	3939	;# 
   331   000F64                     ADRESH          equ	3940	;# 
   332   000F65                     ADSTAT          equ	3941	;# 
   333   000F66                     ADRPT           equ	3942	;# 
   334   000F67                     ADCNT           equ	3943	;# 
   335   000F68                     ADSTPT          equ	3944	;# 
   336   000F68                     ADSTPTL         equ	3944	;# 
   337   000F69                     ADSTPTH         equ	3945	;# 
   338   000F6A                     ADLTH           equ	3946	;# 
   339   000F6A                     ADLTHL          equ	3946	;# 
   340   000F6B                     ADLTHH          equ	3947	;# 
   341   000F6C                     ADUTH           equ	3948	;# 
   342   000F6C                     ADUTHL          equ	3948	;# 
   343   000F6D                     ADUTHH          equ	3949	;# 
   344   000F6E                     ADERR           equ	3950	;# 
   345   000F6E                     ADERRL          equ	3950	;# 
   346   000F6F                     ADERRH          equ	3951	;# 
   347   000F70                     ADACC           equ	3952	;# 
   348   000F70                     ADACCL          equ	3952	;# 
   349   000F71                     ADACCH          equ	3953	;# 
   350   000F72                     ADFLTR          equ	3954	;# 
   351   000F72                     ADFLTRL         equ	3954	;# 
   352   000F73                     ADFLTRH         equ	3955	;# 
   353   000F74                     CRCDATA         equ	3956	;# 
   354   000F74                     CRCDATL         equ	3956	;# 
   355   000F75                     CRCDATH         equ	3957	;# 
   356   000F76                     CRCACC          equ	3958	;# 
   357   000F76                     CRCACCL         equ	3958	;# 
   358   000F77                     CRCACCH         equ	3959	;# 
   359   000F78                     CRCSHFT         equ	3960	;# 
   360   000F78                     CRCSHIFTL       equ	3960	;# 
   361   000F79                     CRCSHIFTH       equ	3961	;# 
   362   000F7A                     CRCXOR          equ	3962	;# 
   363   000F7A                     CRCXORL         equ	3962	;# 
   364   000F7B                     CRCXORH         equ	3963	;# 
   365   000F7C                     CRCCON0         equ	3964	;# 
   366   000F7D                     CRCCON1         equ	3965	;# 
   367   000F7E                     NVMADR          equ	3966	;# 
   368   000F7E                     NVMADRL         equ	3966	;# 
   369   000F7F                     NVMADRH         equ	3967	;# 
   370   000F80                     NVMDAT          equ	3968	;# 
   371   000F81                     NVMCON1         equ	3969	;# 
   372   000F82                     NVMCON2         equ	3970	;# 
   373   000F83                     LATA            equ	3971	;# 
   374   000F84                     LATB            equ	3972	;# 
   375   000F85                     LATC            equ	3973	;# 
   376   000F86                     LATD            equ	3974	;# 
   377   000F87                     LATE            equ	3975	;# 
   378   000F88                     TRISA           equ	3976	;# 
   379   000F88                     DDRA            equ	3976	;# 
   380   000F89                     TRISB           equ	3977	;# 
   381   000F89                     DDRB            equ	3977	;# 
   382   000F8A                     TRISC           equ	3978	;# 
   383   000F8A                     DDRC            equ	3978	;# 
   384   000F8B                     TRISD           equ	3979	;# 
   385   000F8B                     DDRD            equ	3979	;# 
   386   000F8C                     TRISE           equ	3980	;# 
   387   000F8C                     DDRE            equ	3980	;# 
   388   000F8D                     PORTA           equ	3981	;# 
   389   000F8E                     PORTB           equ	3982	;# 
   390   000F8F                     PORTC           equ	3983	;# 
   391   000F90                     PORTD           equ	3984	;# 
   392   000F91                     PORTE           equ	3985	;# 
   393   000F92                     SSP1BUF         equ	3986	;# 
   394   000F93                     SSP1ADD         equ	3987	;# 
   395   000F94                     SSP1MSK         equ	3988	;# 
   396   000F95                     SSP1STAT        equ	3989	;# 
   397   000F96                     SSP1CON1        equ	3990	;# 
   398   000F97                     SSP1CON2        equ	3991	;# 
   399   000F98                     SSP1CON3        equ	3992	;# 
   400   000F99                     RC1REG          equ	3993	;# 
   401   000F99                     RCREG           equ	3993	;# 
   402   000F99                     RCREG1          equ	3993	;# 
   403   000F9A                     TX1REG          equ	3994	;# 
   404   000F9A                     TXREG1          equ	3994	;# 
   405   000F9A                     TXREG           equ	3994	;# 
   406   000F9B                     SP1BRG          equ	3995	;# 
   407   000F9B                     SP1BRGL         equ	3995	;# 
   408   000F9B                     SPBRG           equ	3995	;# 
   409   000F9B                     SPBRG1          equ	3995	;# 
   410   000F9B                     SPBRGL          equ	3995	;# 
   411   000F9C                     SP1BRGH         equ	3996	;# 
   412   000F9C                     SPBRGH          equ	3996	;# 
   413   000F9C                     SPBRGH1         equ	3996	;# 
   414   000F9D                     RC1STA          equ	3997	;# 
   415   000F9D                     RCSTA1          equ	3997	;# 
   416   000F9D                     RCSTA           equ	3997	;# 
   417   000F9E                     TX1STA          equ	3998	;# 
   418   000F9E                     TXSTA1          equ	3998	;# 
   419   000F9E                     TXSTA           equ	3998	;# 
   420   000F9F                     BAUD1CON        equ	3999	;# 
   421   000F9F                     BAUDCON1        equ	3999	;# 
   422   000F9F                     BAUDCTL1        equ	3999	;# 
   423   000F9F                     BAUDCON         equ	3999	;# 
   424   000F9F                     BAUDCTL         equ	3999	;# 
   425   000FA0                     PWM4DC          equ	4000	;# 
   426   000FA0                     PWM4DCL         equ	4000	;# 
   427   000FA1                     PWM4DCH         equ	4001	;# 
   428   000FA2                     PWM4CON         equ	4002	;# 
   429   000FA3                     PWM3DC          equ	4003	;# 
   430   000FA3                     PWM3DCL         equ	4003	;# 
   431   000FA4                     PWM3DCH         equ	4004	;# 
   432   000FA5                     PWM3CON         equ	4005	;# 
   433   000FA6                     CCPR2           equ	4006	;# 
   434   000FA6                     CCPR2L          equ	4006	;# 
   435   000FA7                     CCPR2H          equ	4007	;# 
   436   000FA8                     CCP2CON         equ	4008	;# 
   437   000FA9                     CCP2CAP         equ	4009	;# 
   438   000FAA                     CCPR1           equ	4010	;# 
   439   000FAA                     CCPR1L          equ	4010	;# 
   440   000FAB                     CCPR1H          equ	4011	;# 
   441   000FAC                     CCP1CON         equ	4012	;# 
   442   000FAD                     CCP1CAP         equ	4013	;# 
   443   000FAE                     CCPTMRS         equ	4014	;# 
   444   000FAF                     T6TMR           equ	4015	;# 
   445   000FAF                     TMR6            equ	4015	;# 
   446   000FB0                     T6PR            equ	4016	;# 
   447   000FB0                     PR6             equ	4016	;# 
   448   000FB1                     T6CON           equ	4017	;# 
   449   000FB2                     T6HLT           equ	4018	;# 
   450   000FB3                     T6CLKCON        equ	4019	;# 
   451   000FB3                     T6CLK           equ	4019	;# 
   452   000FB4                     T6RST           equ	4020	;# 
   453   000FB5                     T4TMR           equ	4021	;# 
   454   000FB5                     TMR4            equ	4021	;# 
   455   000FB6                     T4PR            equ	4022	;# 
   456   000FB6                     PR4             equ	4022	;# 
   457   000FB7                     T4CON           equ	4023	;# 
   458   000FB8                     T4HLT           equ	4024	;# 
   459   000FB9                     T4CLKCON        equ	4025	;# 
   460   000FB9                     T4CLK           equ	4025	;# 
   461   000FBA                     T4RST           equ	4026	;# 
   462   000FBB                     T2TMR           equ	4027	;# 
   463   000FBB                     TMR2            equ	4027	;# 
   464   000FBC                     T2PR            equ	4028	;# 
   465   000FBC                     PR2             equ	4028	;# 
   466   000FBD                     T2CON           equ	4029	;# 
   467   000FBE                     T2HLT           equ	4030	;# 
   468   000FBF                     T2CLKCON        equ	4031	;# 
   469   000FBF                     T2CLK           equ	4031	;# 
   470   000FC0                     T2RST           equ	4032	;# 
   471   000FC1                     TMR5            equ	4033	;# 
   472   000FC1                     TMR5L           equ	4033	;# 
   473   000FC2                     TMR5H           equ	4034	;# 
   474   000FC3                     T5CON           equ	4035	;# 
   475   000FC4                     T5GCON          equ	4036	;# 
   476   000FC4                     PR5             equ	4036	;# 
   477   000FC5                     T5GATE          equ	4037	;# 
   478   000FC5                     TMR5GATE        equ	4037	;# 
   479   000FC6                     T5CLK           equ	4038	;# 
   480   000FC6                     TMR5CLK         equ	4038	;# 
   481   000FC7                     TMR3            equ	4039	;# 
   482   000FC7                     TMR3L           equ	4039	;# 
   483   000FC8                     TMR3H           equ	4040	;# 
   484   000FC9                     T3CON           equ	4041	;# 
   485   000FCA                     T3GCON          equ	4042	;# 
   486   000FCA                     PR3             equ	4042	;# 
   487   000FCB                     T3GATE          equ	4043	;# 
   488   000FCB                     TMR3GATE        equ	4043	;# 
   489   000FCC                     T3CLK           equ	4044	;# 
   490   000FCC                     TMR3CLK         equ	4044	;# 
   491   000FCD                     TMR1            equ	4045	;# 
   492   000FCD                     TMR1L           equ	4045	;# 
   493   000FCE                     TMR1H           equ	4046	;# 
   494   000FCF                     T1CON           equ	4047	;# 
   495   000FD0                     T1GCON          equ	4048	;# 
   496   000FD0                     PR1             equ	4048	;# 
   497   000FD1                     T1GATE          equ	4049	;# 
   498   000FD1                     TMR1GATE        equ	4049	;# 
   499   000FD2                     T1CLK           equ	4050	;# 
   500   000FD2                     TMR1CLK         equ	4050	;# 
   501   000FD3                     TMR0L           equ	4051	;# 
   502   000FD3                     TMR0            equ	4051	;# 
   503   000FD4                     TMR0H           equ	4052	;# 
   504   000FD4                     PR0             equ	4052	;# 
   505   000FD5                     T0CON0          equ	4053	;# 
   506   000FD6                     T0CON1          equ	4054	;# 
   507   000FD7                     PCON0           equ	4055	;# 
   508   000FD8                     STATUS          equ	4056	;# 
   509   000FD9                     FSR2            equ	4057	;# 
   510   000FD9                     FSR2L           equ	4057	;# 
   511   000FDA                     FSR2H           equ	4058	;# 
   512   000FDB                     PLUSW2          equ	4059	;# 
   513   000FDC                     PREINC2         equ	4060	;# 
   514   000FDD                     POSTDEC2        equ	4061	;# 
   515   000FDE                     POSTINC2        equ	4062	;# 
   516   000FDF                     INDF2           equ	4063	;# 
   517   000FE0                     BSR             equ	4064	;# 
   518   000FE1                     FSR1            equ	4065	;# 
   519   000FE1                     FSR1L           equ	4065	;# 
   520   000FE2                     FSR1H           equ	4066	;# 
   521   000FE3                     PLUSW1          equ	4067	;# 
   522   000FE4                     PREINC1         equ	4068	;# 
   523   000FE5                     POSTDEC1        equ	4069	;# 
   524   000FE6                     POSTINC1        equ	4070	;# 
   525   000FE7                     INDF1           equ	4071	;# 
   526   000FE8                     WREG            equ	4072	;# 
   527   000FE9                     FSR0            equ	4073	;# 
   528   000FE9                     FSR0L           equ	4073	;# 
   529   000FEA                     FSR0H           equ	4074	;# 
   530   000FEB                     PLUSW0          equ	4075	;# 
   531   000FEC                     PREINC0         equ	4076	;# 
   532   000FED                     POSTDEC0        equ	4077	;# 
   533   000FEE                     POSTINC0        equ	4078	;# 
   534   000FEF                     INDF0           equ	4079	;# 
   535   000FF2                     INTCON          equ	4082	;# 
   536   000FF3                     PROD            equ	4083	;# 
   537   000FF3                     PRODL           equ	4083	;# 
   538   000FF4                     PRODH           equ	4084	;# 
   539   000FF5                     TABLAT          equ	4085	;# 
   540   000FF6                     TBLPTR          equ	4086	;# 
   541   000FF6                     TBLPTRL         equ	4086	;# 
   542   000FF7                     TBLPTRH         equ	4087	;# 
   543   000FF8                     TBLPTRU         equ	4088	;# 
   544   000FF9                     PCLAT           equ	4089	;# 
   545   000FF9                     PC              equ	4089	;# 
   546   000FF9                     PCL             equ	4089	;# 
   547   000FFA                     PCLATH          equ	4090	;# 
   548   000FFB                     PCLATU          equ	4091	;# 
   549   000FFC                     STKPTR          equ	4092	;# 
   550   000FFD                     TOS             equ	4093	;# 
   551   000FFD                     TOSL            equ	4093	;# 
   552   000FFE                     TOSH            equ	4094	;# 
   553   000FFF                     TOSU            equ	4095	;# 
   554                           
   555                           	psect	idataCOMRAM
   556   001010                     __pidataCOMRAM:
   557                           	callstack 0
   558                           
   559                           ;initializer for main@F10132
   560   001010  0000               	dw	0
   561   001012  0001               	dw	1
   562   001014  0002               	dw	2
   563   000F21                     _ANSELC         set	3873
   564   000F19                     _ANSELB         set	3865
   565   000F84                     _LATB           set	3972
   566   000F8F                     _PORTCbits      set	3983
   567   000F8A                     _TRISC          set	3978
   568   000F89                     _TRISB          set	3977
   569                           
   570                           ; #config settings
   571                           
   572                           	psect	cinit
   573   000FE8                     __pcinit:
   574                           	callstack 0
   575   000FE8                     start_initialization:
   576                           	callstack 0
   577   000FE8                     __initialization:
   578                           	callstack 0
   579                           
   580                           ; Initialize objects allocated to COMRAM (6 bytes)
   581                           ; load TBLPTR registers with __pidataCOMRAM
   582   000FE8  0E10               	movlw	low __pidataCOMRAM
   583   000FEA  6EF6               	movwf	tblptrl,c
   584   000FEC  0E10               	movlw	high __pidataCOMRAM
   585   000FEE  6EF7               	movwf	tblptrh,c
   586   000FF0  0E00               	movlw	low (__pidataCOMRAM shr (0+16))
   587   000FF2  6EF8               	movwf	tblptru,c
   588   000FF4  EE00  F00A         	lfsr	0,__pdataCOMRAM
   589   000FF8  EE10 F006          	lfsr	1,6
   590   000FFC                     copy_data0:
   591   000FFC  0009               	tblrd		*+
   592   000FFE  CFF5 FFEE          	movff	tablat,postinc0
   593   001002  50E5               	movf	postdec1,w,c
   594   001004  50E1               	movf	fsr1l,w,c
   595   001006  E1FA               	bnz	copy_data0
   596                           
   597                           ; Clear objects allocated to COMRAM (1 bytes)
   598   001008  6A10               	clrf	__pbssCOMRAM& (0+255),c
   599   00100A                     end_of_initialization:
   600                           	callstack 0
   601   00100A                     __end_of__initialization:
   602                           	callstack 0
   603   00100A  0100               	movlb	0
   604   00100C  EF81  F007         	goto	_main	;jump to C main() function
   605                           
   606                           	psect	bssCOMRAM
   607   000010                     __pbssCOMRAM:
   608                           	callstack 0
   609   000010                     _run:
   610                           	callstack 0
   611   000010                     	ds	1
   612                           
   613                           	psect	dataCOMRAM
   614   00000A                     __pdataCOMRAM:
   615                           	callstack 0
   616   00000A                     main@F10132:
   617                           	callstack 0
   618   00000A                     	ds	6
   619                           
   620                           	psect	cstackCOMRAM
   621   000001                     __pcstackCOMRAM:
   622                           	callstack 0
   623   000001                     ??_main:
   624                           
   625                           ; 1 bytes @ 0x0
   626   000001                     	ds	2
   627   000003                     main@i:
   628                           	callstack 0
   629                           
   630                           ; 6 bytes @ 0x2
   631   000003                     	ds	6
   632   000009                     main@j:
   633                           	callstack 0
   634                           
   635                           ; 1 bytes @ 0x8
   636   000009                     	ds	1
   637                           
   638 ;;
   639 ;;Main: autosize = 0, tempsize = 2, incstack = 0, save=0
   640 ;;
   641 ;; *************** function _main *****************
   642 ;; Defined at:
   643 ;;		line 46 in file "main.c"
   644 ;; Parameters:    Size  Location     Type
   645 ;;		None
   646 ;; Auto vars:     Size  Location     Type
   647 ;;  j               1    8[COMRAM] unsigned char 
   648 ;;  i               6    2[COMRAM] int [3]
   649 ;; Return value:  Size  Location     Type
   650 ;;                  1    wreg      void 
   651 ;; Registers used:
   652 ;;		wreg, fsr1l, fsr1h, fsr2l, fsr2h, status,2, status,0, prodl, prodh
   653 ;; Tracked objects:
   654 ;;		On entry : 0/0
   655 ;;		On exit  : 0/0
   656 ;;		Unchanged: 0/0
   657 ;; Data sizes:     COMRAM   BANK0   BANK1   BANK2   BANK3   BANK4   BANK5   BANK6   BANK7   BANK8   BANK9  BANK10  BANK1
      +1  BANK12  BANK13  BANK14
   658 ;;      Params:         0       0       0       0       0       0       0       0       0       0       0       0       
      +0       0       0       0
   659 ;;      Locals:         7       0       0       0       0       0       0       0       0       0       0       0       
      +0       0       0       0
   660 ;;      Temps:          2       0       0       0       0       0       0       0       0       0       0       0       
      +0       0       0       0
   661 ;;      Totals:         9       0       0       0       0       0       0       0       0       0       0       0       
      +0       0       0       0
   662 ;;Total ram usage:        9 bytes
   663 ;; This function calls:
   664 ;;		Nothing
   665 ;; This function is called by:
   666 ;;		Startup code after reset
   667 ;; This function uses a non-reentrant model
   668 ;;
   669                           
   670                           	psect	text0
   671   000F02                     __ptext0:
   672                           	callstack 0
   673   000F02                     _main:
   674                           	callstack 31
   675   000F02                     
   676                           ;main.c: 48:     ANSELB = 0;
   677   000F02  010F               	movlb	15	; () banked
   678   000F04  6B19               	clrf	25,b	;volatile
   679                           
   680                           ;main.c: 49:     TRISB = 0;
   681   000F06  6A89               	clrf	137,c	;volatile
   682                           
   683                           ;main.c: 51:     ANSELC = 0;
   684   000F08  6B21               	clrf	33,b	;volatile
   685                           
   686                           ;main.c: 52:     TRISC = 0xFF;
   687   000F0A  688A               	setf	138,c	;volatile
   688   000F0C                     
   689                           ; BSR set to: 15
   690                           ;main.c: 55:     int i[] = {0,1,2};
   691   000F0C  EE20  F00A         	lfsr	2,main@F10132
   692   000F10  EE10  F003         	lfsr	1,main@i
   693   000F14  0E05               	movlw	5
   694   000F16                     u11:
   695   000F16  CFDB FFE3          	movff	plusw2,plusw1
   696   000F1A  06E8               	decf	wreg,f,c
   697   000F1C  E2FC               	bc	u11
   698   000F1E                     l821:
   699                           
   700                           ;main.c: 57:     {;main.c: 59:          if(PORTCbits.RC0 == 1){
   701   000F1E  A08F               	btfss	143,0,c	;volatile
   702   000F20  EF94  F007         	goto	u21
   703   000F24  EF96  F007         	goto	u20
   704   000F28                     u21:
   705   000F28  EF98  F007         	goto	l825
   706   000F2C                     u20:
   707   000F2C                     
   708                           ;main.c: 60:              run = 1;
   709   000F2C  0E01               	movlw	1
   710   000F2E  6E10               	movwf	_run^0,c
   711   000F30                     l825:
   712                           
   713                           ;main.c: 62:          if(PORTCbits.RC1 == 1){
   714   000F30  A28F               	btfss	143,1,c	;volatile
   715   000F32  EF9D  F007         	goto	u31
   716   000F36  EF9F  F007         	goto	u30
   717   000F3A                     u31:
   718   000F3A  EFA0  F007         	goto	l829
   719   000F3E                     u30:
   720   000F3E                     
   721                           ;main.c: 63:              run = 0;
   722   000F3E  6A10               	clrf	_run^0,c
   723   000F40                     l829:
   724   000F40  5010               	movf	_run^0,w,c
   725   000F42  B4D8               	btfsc	status,2,c
   726   000F44  EFA6  F007         	goto	u41
   727   000F48  EFA8  F007         	goto	u40
   728   000F4C                     u41:
   729   000F4C  EF8F  F007         	goto	l821
   730   000F50                     u40:
   731   000F50                     
   732                           ;main.c: 66:            LATB = 0;
   733   000F50  6A84               	clrf	132,c	;volatile
   734                           
   735                           ;main.c: 67:            char j = 0;
   736   000F52  6A09               	clrf	main@j^0,c
   737                           
   738                           ;main.c: 68:            for(j = 0;j<3;j++){
   739   000F54  6A09               	clrf	main@j^0,c
   740   000F56                     l837:
   741                           
   742                           ;main.c: 69:                LATB |= (1<<i[j]);
   743   000F56  5009               	movf	main@j^0,w,c
   744   000F58  0D02               	mullw	2
   745   000F5A  50F3               	movf	243,w,c
   746   000F5C  0F03               	addlw	low main@i
   747   000F5E  6ED9               	movwf	fsr2l,c
   748   000F60  6ADA               	clrf	fsr2h,c
   749   000F62  50DF               	movf	indf2,w,c
   750   000F64  6E01               	movwf	??_main^0,c
   751   000F66  0E01               	movlw	1
   752   000F68  6E02               	movwf	(??_main+1)^0,c
   753   000F6A  2A01               	incf	??_main^0,f,c
   754   000F6C  EFBA  F007         	goto	u54
   755   000F70                     u55:
   756   000F70  90D8               	bcf	status,0,c
   757   000F72  3602               	rlcf	(??_main+1)^0,f,c
   758   000F74                     u54:
   759   000F74  2E01               	decfsz	??_main^0,f,c
   760   000F76  EFB8  F007         	goto	u55
   761   000F7A  5002               	movf	(??_main+1)^0,w,c
   762   000F7C  1284               	iorwf	132,f,c	;volatile
   763                           
   764                           ;main.c: 70:                i[j] +=1;
   765   000F7E  5009               	movf	main@j^0,w,c
   766   000F80  0D02               	mullw	2
   767   000F82  50F3               	movf	243,w,c
   768   000F84  0F03               	addlw	low main@i
   769   000F86  6ED9               	movwf	fsr2l,c
   770   000F88  6ADA               	clrf	fsr2h,c
   771   000F8A  2ADE               	incf	postinc2,f,c
   772   000F8C  0E00               	movlw	0
   773   000F8E  22DD               	addwfc	postdec2,f,c
   774                           
   775                           ;main.c: 71:                i[j] = i[j]%8;
   776   000F90  5009               	movf	main@j^0,w,c
   777   000F92  0D02               	mullw	2
   778   000F94  50F3               	movf	243,w,c
   779   000F96  0F03               	addlw	low main@i
   780   000F98  6ED9               	movwf	fsr2l,c
   781   000F9A  6ADA               	clrf	fsr2h,c
   782   000F9C  CFDE F001          	movff	postinc2,??_main
   783   000FA0  CFDD F002          	movff	postdec2,??_main+1
   784   000FA4  0E07               	movlw	7
   785   000FA6  1601               	andwf	??_main^0,f,c
   786   000FA8  0E00               	movlw	0
   787   000FAA  1602               	andwf	(??_main+1)^0,f,c
   788   000FAC  5009               	movf	main@j^0,w,c
   789   000FAE  0D02               	mullw	2
   790   000FB0  50F3               	movf	243,w,c
   791   000FB2  0F03               	addlw	low main@i
   792   000FB4  6ED9               	movwf	fsr2l,c
   793   000FB6  6ADA               	clrf	fsr2h,c
   794   000FB8  C001  FFDE         	movff	??_main,postinc2
   795   000FBC  C002  FFDD         	movff	??_main+1,postdec2
   796   000FC0                     
   797                           ;main.c: 74:            }_delay((unsigned long)((80)*(8000000/4000.0)));
   798   000FC0  2A09               	incf	main@j^0,f,c
   799   000FC2  0E02               	movlw	2
   800   000FC4  6409               	cpfsgt	main@j^0,c
   801   000FC6  EFE7  F007         	goto	u61
   802   000FCA  EFE9  F007         	goto	u60
   803   000FCE                     u61:
   804   000FCE  EFAB  F007         	goto	l837
   805   000FD2                     u60:
   806   000FD2  0ED0               	movlw	208
   807   000FD4  6E01               	movwf	??_main^0,c
   808   000FD6  0ECA               	movlw	202
   809   000FD8                     u77:
   810   000FD8  2EE8               	decfsz	wreg,f,c
   811   000FDA  D7FE               	bra	u77
   812   000FDC  2E01               	decfsz	??_main^0,f,c
   813   000FDE  D7FC               	bra	u77
   814   000FE0  EF8F  F007         	goto	l821
   815   000FE4  EFFE  F0FF         	goto	start
   816   000FE8                     __end_of_main:
   817                           	callstack 0
   818                           
   819                           	psect	smallconst
   820   000F00                     __psmallconst:
   821                           	callstack 0
   822   000F00  00                 	db	0
   823   000F01  00                 	db	0	; dummy byte at the end
   824   000F00                     __smallconst    set	__psmallconst
   825   000F00                     __mediumconst   set	__psmallconst
   826   000000                     __activetblptr  equ	0
   827                           
   828                           	psect	rparam
   829   000001                     ___rparam_used  equ	1
   830   000000                     ___param_bank   equ	0
   831   000000                     __Lparam        equ	__Lrparam
   832   000000                     __Hparam        equ	__Hrparam
   833                           
   834                           	psect	idloc
   835                           
   836                           ;Config register IDLOC0 @ 0x200000
   837                           ;	unspecified, using default values
   838   200000                     	org	2097152
   839   200000  FFFF               	dw	65535
   840                           
   841                           ;Config register IDLOC1 @ 0x200002
   842                           ;	unspecified, using default values
   843   200002                     	org	2097154
   844   200002  FFFF               	dw	65535
   845                           
   846                           ;Config register IDLOC2 @ 0x200004
   847                           ;	unspecified, using default values
   848   200004                     	org	2097156
   849   200004  FFFF               	dw	65535
   850                           
   851                           ;Config register IDLOC3 @ 0x200006
   852                           ;	unspecified, using default values
   853   200006                     	org	2097158
   854   200006  FFFF               	dw	65535
   855                           
   856                           ;Config register IDLOC4 @ 0x200008
   857                           ;	unspecified, using default values
   858   200008                     	org	2097160
   859   200008  FFFF               	dw	65535
   860                           
   861                           ;Config register IDLOC5 @ 0x20000A
   862                           ;	unspecified, using default values
   863   20000A                     	org	2097162
   864   20000A  FFFF               	dw	65535
   865                           
   866                           ;Config register IDLOC6 @ 0x20000C
   867                           ;	unspecified, using default values
   868   20000C                     	org	2097164
   869   20000C  FFFF               	dw	65535
   870                           
   871                           ;Config register IDLOC7 @ 0x20000E
   872                           ;	unspecified, using default values
   873   20000E                     	org	2097166
   874   20000E  FFFF               	dw	65535
   875                           
   876                           	psect	config
   877                           
   878                           ;Config register CONFIG1L @ 0x300000
   879                           ;	External Oscillator mode Selection bits
   880                           ;	FEXTOSC = HS, HS (crystal oscillator) above 8 MHz; PFM set to high power
   881                           ;	Power-up default value for COSC bits
   882                           ;	RSTOSC = EXTOSC, EXTOSC operating per FEXTOSC bits (device manufacturing default)
   883   300000                     	org	3145728
   884   300000  FA                 	db	250
   885                           
   886                           ;Config register CONFIG1H @ 0x300001
   887                           ;	Clock Out Enable bit
   888                           ;	CLKOUTEN = OFF, CLKOUT function is disabled
   889                           ;	Clock Switch Enable bit
   890                           ;	CSWEN = ON, Writing to NOSC and NDIV is allowed
   891                           ;	Fail-Safe Clock Monitor Enable bit
   892                           ;	FCMEN = ON, Fail-Safe Clock Monitor enabled
   893   300001                     	org	3145729
   894   300001  FF                 	db	255
   895                           
   896                           ;Config register CONFIG2L @ 0x300002
   897                           ;	Master Clear Enable bit
   898                           ;	MCLRE = EXTMCLR, If LVP = 0, MCLR pin is MCLR; If LVP = 1, RE3 pin function is MCLR
   899                           ;	Power-up Timer Enable bit
   900                           ;	PWRTE = OFF, Power up timer disabled
   901                           ;	Low-power BOR enable bit
   902                           ;	LPBOREN = OFF, ULPBOR disabled
   903                           ;	Brown-out Reset Enable bits
   904                           ;	BOREN = SBORDIS, Brown-out Reset enabled , SBOREN bit is ignored
   905   300002                     	org	3145730
   906   300002  FF                 	db	255
   907                           
   908                           ;Config register CONFIG2H @ 0x300003
   909                           ;	Brown Out Reset Voltage selection bits
   910                           ;	BORV = VBOR_2P45, Brown-out Reset Voltage (VBOR) set to 2.45V
   911                           ;	ZCD Disable bit
   912                           ;	ZCD = OFF, ZCD disabled. ZCD can be enabled by setting the ZCDSEN bit of ZCDCON
   913                           ;	PPSLOCK bit One-Way Set Enable bit
   914                           ;	PPS1WAY = ON, PPSLOCK bit can be cleared and set only once; PPS registers remain locke
      +                          d after one clear/set cycle
   915                           ;	Stack Full/Underflow Reset Enable bit
   916                           ;	STVREN = ON, Stack full/underflow will cause Reset
   917                           ;	Debugger Enable bit
   918                           ;	DEBUG = OFF, Background debugger disabled
   919                           ;	Extended Instruction Set Enable bit
   920                           ;	XINST = OFF, Extended Instruction Set and Indexed Addressing Mode disabled
   921   300003                     	org	3145731
   922   300003  FF                 	db	255
   923                           
   924                           ;Config register CONFIG3L @ 0x300004
   925                           ;	WDT Period Select bits
   926                           ;	WDTCPS = WDTCPS_31, Divider ratio 1:65536; software control of WDTPS
   927                           ;	WDT operating mode
   928                           ;	WDTE = OFF, WDT Disabled
   929   300004                     	org	3145732
   930   300004  9F                 	db	159
   931                           
   932                           ;Config register CONFIG3H @ 0x300005
   933                           ;	WDT Window Select bits
   934                           ;	WDTCWS = WDTCWS_7, window always open (100%); software control; keyed access not requi
      +                          red
   935                           ;	WDT input clock selector
   936                           ;	WDTCCS = SC, Software Control
   937   300005                     	org	3145733
   938   300005  FF                 	db	255
   939                           
   940                           ;Config register CONFIG4L @ 0x300006
   941                           ;	unspecified, using default values
   942                           ;	Write Protection Block 0
   943                           ;	WRT0 = 0x1, unprogrammed default
   944                           ;	Write Protection Block 1
   945                           ;	WRT1 = 0x1, unprogrammed default
   946                           ;	Write Protection Block 2
   947                           ;	WRT2 = 0x1, unprogrammed default
   948                           ;	Write Protection Block 3
   949                           ;	WRT3 = 0x1, unprogrammed default
   950                           ;	Write Protection Block 3
   951                           ;	WRT4 = 0x1, unprogrammed default
   952                           ;	Write Protection Block 3
   953                           ;	WRT5 = 0x1, unprogrammed default
   954                           ;	Write Protection Block 3
   955                           ;	WRT6 = 0x1, unprogrammed default
   956                           ;	Write Protection Block 3
   957                           ;	WRT7 = 0x1, unprogrammed default
   958   300006                     	org	3145734
   959   300006  FF                 	db	255
   960                           
   961                           ;Config register CONFIG4H @ 0x300007
   962                           ;	Configuration Register Write Protection bit
   963                           ;	WRTC = 0x1, unprogrammed default
   964                           ;	Boot Block Write Protection bit
   965                           ;	WRTB = 0x1, unprogrammed default
   966                           ;	Data EEPROM Write Protection bit
   967                           ;	WRTD = 0x1, unprogrammed default
   968                           ;	Scanner Enable bit
   969                           ;	SCANE = 0x1, unprogrammed default
   970                           ;	Low Voltage Programming Enable bit
   971                           ;	LVP = OFF, HV on MCLR/VPP must be used for programming
   972   300007                     	org	3145735
   973   300007  DF                 	db	223
   974                           
   975                           ;Config register CONFIG5L @ 0x300008
   976                           ;	unspecified, using default values
   977                           ;	UserNVM Program Memory Code Protection bit
   978                           ;	CP = 0x1, unprogrammed default
   979                           ;	DataNVM Memory Code Protection bit
   980                           ;	CPD = 0x1, unprogrammed default
   981   300008                     	org	3145736
   982   300008  FF                 	db	255
   983                           
   984                           ;Config register CONFIG5H @ 0x300009
   985                           ;	unspecified, using default values
   986   300009                     	org	3145737
   987   300009  FF                 	db	255
   988                           
   989                           ;Config register CONFIG6L @ 0x30000A
   990                           ;	unspecified, using default values
   991                           ;	Table Read Protection Block 0
   992                           ;	EBTR0 = 0x1, unprogrammed default
   993                           ;	Table Read Protection Block 1
   994                           ;	EBTR1 = 0x1, unprogrammed default
   995                           ;	Table Read Protection Block 2
   996                           ;	EBTR2 = 0x1, unprogrammed default
   997                           ;	Table Read Protection Block 3
   998                           ;	EBTR3 = 0x1, unprogrammed default
   999                           ;	Table Read Protection Block 4
  1000                           ;	EBTR4 = 0x1, unprogrammed default
  1001                           ;	Table Read Protection Block 5
  1002                           ;	EBTR5 = 0x1, unprogrammed default
  1003                           ;	Table Read Protection Block 6
  1004                           ;	EBTR6 = 0x1, unprogrammed default
  1005                           ;	Table Read Protection Block 7
  1006                           ;	EBTR7 = 0x1, unprogrammed default
  1007   30000A                     	org	3145738
  1008   30000A  FF                 	db	255
  1009                           
  1010                           ;Config register CONFIG6H @ 0x30000B
  1011                           ;	unspecified, using default values
  1012                           ;	Boot Block Table Read Protection bit
  1013                           ;	EBTRB = 0x1, unprogrammed default
  1014   30000B                     	org	3145739
  1015   30000B  FF                 	db	255
  1016                           tosu	equ	0xFFF
  1017                           tosh	equ	0xFFE
  1018                           tosl	equ	0xFFD
  1019                           stkptr	equ	0xFFC
  1020                           pclatu	equ	0xFFB
  1021                           pclath	equ	0xFFA
  1022                           pcl	equ	0xFF9
  1023                           tblptru	equ	0xFF8
  1024                           tblptrh	equ	0xFF7
  1025                           tblptrl	equ	0xFF6
  1026                           tablat	equ	0xFF5
  1027                           prodh	equ	0xFF4
  1028                           prodl	equ	0xFF3
  1029                           indf0	equ	0xFEF
  1030                           postinc0	equ	0xFEE
  1031                           postdec0	equ	0xFED
  1032                           preinc0	equ	0xFEC
  1033                           plusw0	equ	0xFEB
  1034                           fsr0h	equ	0xFEA
  1035                           fsr0l	equ	0xFE9
  1036                           wreg	equ	0xFE8
  1037                           indf1	equ	0xFE7
  1038                           postinc1	equ	0xFE6
  1039                           postdec1	equ	0xFE5
  1040                           preinc1	equ	0xFE4
  1041                           plusw1	equ	0xFE3
  1042                           fsr1h	equ	0xFE2
  1043                           fsr1l	equ	0xFE1
  1044                           bsr	equ	0xFE0
  1045                           indf2	equ	0xFDF
  1046                           postinc2	equ	0xFDE
  1047                           postdec2	equ	0xFDD
  1048                           preinc2	equ	0xFDC
  1049                           plusw2	equ	0xFDB
  1050                           fsr2h	equ	0xFDA
  1051                           fsr2l	equ	0xFD9
  1052                           status	equ	0xFD8

Data Sizes:
    Strings     0
    Constant    0
    Data        6
    BSS         1
    Persistent  0
    Stack       0

Auto Spaces:
    Space          Size  Autos    Used
    COMRAM           95      9      16
    BANK0           160      0       0
    BANK1           256      0       0
    BANK2           256      0       0
    BANK3           256      0       0
    BANK4           256      0       0
    BANK5           256      0       0
    BANK6           256      0       0
    BANK7           256      0       0
    BANK8           256      0       0
    BANK9           256      0       0
    BANK10          256      0       0
    BANK11          256      0       0
    BANK12          256      0       0
    BANK13          256      0       0
    BANK14          136      0       0

Pointer List with Targets:

    None.

Critical Paths under _main in COMRAM

    None.

Critical Paths under _main in BANK0

    None.

Critical Paths under _main in BANK1

    None.

Critical Paths under _main in BANK2

    None.

Critical Paths under _main in BANK3

    None.

Critical Paths under _main in BANK4

    None.

Critical Paths under _main in BANK5

    None.

Critical Paths under _main in BANK6

    None.

Critical Paths under _main in BANK7

    None.

Critical Paths under _main in BANK8

    None.

Critical Paths under _main in BANK9

    None.

Critical Paths under _main in BANK10

    None.

Critical Paths under _main in BANK11

    None.

Critical Paths under _main in BANK12

    None.

Critical Paths under _main in BANK13

    None.

Critical Paths under _main in BANK14

    None.

Call Graph Tables:

 ---------------------------------------------------------------------------------
 (Depth) Function   	        Calls       Base Space   Used Autos Params    Refs
 ---------------------------------------------------------------------------------
 (0) _main                                                 9     9      0     150
                                              0 COMRAM     9     9      0
 ---------------------------------------------------------------------------------
 Estimated maximum stack depth 0
 ---------------------------------------------------------------------------------

 Call Graph Graphs:

 _main (ROOT)

Address spaces:
Name               Size   Autos  Total    Usage
BIGRAM            3719      0       0      0.0%
BITBANK13          256      0       0      0.0%
BANK13             256      0       0      0.0%
BITBANK12          256      0       0      0.0%
BANK12             256      0       0      0.0%
BITBANK11          256      0       0      0.0%
BANK11             256      0       0      0.0%
BITBANK10          256      0       0      0.0%
BANK10             256      0       0      0.0%
BITBANK9           256      0       0      0.0%
BANK9              256      0       0      0.0%
BITBANK8           256      0       0      0.0%
BANK8              256      0       0      0.0%
BITBANK7           256      0       0      0.0%
BANK7              256      0       0      0.0%
BITBANK6           256      0       0      0.0%
BANK6              256      0       0      0.0%
BITBANK5           256      0       0      0.0%
BANK5              256      0       0      0.0%
BITBANK4           256      0       0      0.0%
BANK4              256      0       0      0.0%
BITBANK3           256      0       0      0.0%
BANK3              256      0       0      0.0%
BITBANK2           256      0       0      0.0%
BANK2              256      0       0      0.0%
BITBANK1           256      0       0      0.0%
BANK1              256      0       0      0.0%
BITBANK0           160      0       0      0.0%
BANK0              160      0       0      0.0%
BITBIGSFRll        140      0       0      0.0%
BITBANK14          136      0       0      0.0%
BANK14             136      0       0      0.0%
BITBIGSFRh         123      0       0      0.0%
BITBIGSFRlh        106      0       0      0.0%
BITCOMRAM           95      0       0      0.0%
COMRAM              95      9      16     16.8%
STACK                0      0       0      0.0%
DATA                 0      0      16      0.0%


Microchip Technology PIC18 Macro Assembler V3.10 build 20250813170317 
Symbol Table                                                                                   Wed Oct  1 13:47:05 2025

                     u11 0F16                       u20 0F2C                       u21 0F28  
                     u30 0F3E                       u31 0F3A                       u40 0F50  
                     u41 0F4C                       u60 0FD2                       u61 0FCE  
                     u54 0F74                       u55 0F70                       u77 0FD8  
                    l821 0F1E                      l831 0F50                      l823 0F2C  
                    l841 0FC2                      l825 0F30                      l817 0F02  
                    l843 0FD2                      l827 0F3E                      l819 0F0C  
                    l837 0F56                      l829 0F40                      l839 0FC0  
                    _run 0010                      wreg 0FE8                     _LATB 0F84  
                   _main 0F02                     fsr2h 0FDA                     indf2 0FDF  
                   fsr1l 0FE1                     fsr2l 0FD9                     prodl 0FF3  
                   start FFFC             ___param_bank 0000                    ?_main 0001  
                  _TRISB 0F89                    _TRISC 0F8A                    main@i 0003  
                  main@j 0009                    tablat 0FF5                    plusw1 0FE3  
                  plusw2 0FDB                    status 0FD8          __initialization 0FE8  
           __end_of_main 0FE8                   ??_main 0001            __activetblptr 0000  
                 _ANSELB 0F19                   _ANSELC 0F21                   isa$std 0001  
           __pdataCOMRAM 000A             __mediumconst 0F00                   tblptrh 0FF7  
                 tblptrl 0FF6                   tblptru 0FF8               __accesstop 0060  
__end_of__initialization 100A            ___rparam_used 0001           __pcstackCOMRAM 0001  
                __Hparam 0000                  __Lparam 0000             __psmallconst 0F00  
                __pcinit 0FE8                  __ramtop 0F00                  __ptext0 0F02  
   end_of_initialization 100A                  postdec1 0FE5                  postdec2 0FDD  
                postinc0 0FEE                  postinc2 0FDE               main@F10132 000A  
              _PORTCbits 0F8F            __pidataCOMRAM 1010      start_initialization 0FE8  
            __pbssCOMRAM 0010              __smallconst 0F00                copy_data0 0FFC  
               __Hrparam 0000                 __Lrparam 0000                 isa$xinst 0000  
